[0212/180715.719:ERROR:crash_report_database_win.cc(563)] CreateDirectory C:\Program Files (x86)\reports: Access is denied. (0x5)
[0212/180715.724:ERROR:registration_protocol_win.cc(84)] TransactNamedPipe: The pipe has been ended. (0x6D)
[0212/180715.733:ERROR:crash_report_database_win.cc(563)] CreateDirectory C:\Program Files (x86)\reports: Access is denied. (0x5)
[0218/133413.694:ERROR:crash_report_database_win.cc(563)] CreateDirectory C:\Program Files (x86)\reports: Access is denied. (0x5)
[0218/133413.709:ERROR:registration_protocol_win.cc(84)] TransactNamedPipe: The pipe has been ended. (0x6D)
[0218/133413.709:ERROR:crash_report_database_win.cc(563)] CreateDirectory C:\Program Files (x86)\reports: Access is denied. (0x5)
[0218/135745.154:ERROR:crash_report_database_win.cc(563)] CreateDirectory C:\Program Files (x86)\reports: Access is denied. (0x5)
[0218/135745.154:ERROR:registration_protocol_win.cc(84)] TransactNamedPipe: The pipe has been ended. (0x6D)
[0218/135745.154:ERROR:crash_report_database_win.cc(563)] CreateDirectory C:\Program Files (x86)\reports: Access is denied. (0x5)
[0218/135811.457:ERROR:crash_report_database_win.cc(563)] CreateDirectory C:\Program Files (x86)\reports: Access is denied. (0x5)
[0218/135811.460:ERROR:registration_protocol_win.cc(84)] TransactNamedPipe: The pipe has been ended. (0x6D)
[0218/135811.462:ERROR:crash_report_database_win.cc(563)] CreateDirectory C:\Program Files (x86)\reports: Access is denied. (0x5)
[0218/140436.550:ERROR:crash_report_database_win.cc(563)] CreateDirectory C:\Program Files (x86)\reports: Access is denied. (0x5)
[0218/140436.550:ERROR:registration_protocol_win.cc(84)] TransactNamedPipe: The pipe has been ended. (0x6D)
[0218/140436.550:ERROR:crash_report_database_win.cc(563)] CreateDirectory C:\Program Files (x86)\reports: Access is denied. (0x5)
[0218/141850.141:ERROR:crash_report_database_win.cc(563)] CreateDirectory C:\Program Files (x86)\reports: Access is denied. (0x5)
[0218/141850.141:ERROR:registration_protocol_win.cc(84)] TransactNamedPipe: The pipe has been ended. (0x6D)
[0218/141850.141:ERROR:crash_report_database_win.cc(563)] CreateDirectory C:\Program Files (x86)\reports: Access is denied. (0x5)
[0218/152201.152:ERROR:crash_report_database_win.cc(563)] CreateDirectory C:\Program Files (x86)\reports: Access is denied. (0x5)
[0218/152201.167:ERROR:registration_protocol_win.cc(84)] TransactNamedPipe: The pipe has been ended. (0x6D)
[0218/152201.167:ERROR:crash_report_database_win.cc(563)] CreateDirectory C:\Program Files (x86)\reports: Access is denied. (0x5)
[0218/165011.346:ERROR:crash_report_database_win.cc(563)] CreateDirectory C:\Program Files (x86)\reports: Access is denied. (0x5)
[0218/165011.394:ERROR:registration_protocol_win.cc(84)] TransactNamedPipe: The pipe has been ended. (0x6D)
[0218/165011.398:ERROR:crash_report_database_win.cc(563)] CreateDirectory C:\Program Files (x86)\reports: Access is denied. (0x5)
[0220/224928.331:ERROR:file_io_win.cc(163)] CreateFile C:\Program Files (x86)\settings.dat: Access is denied. (0x5)
[0220/224928.365:ERROR:registration_protocol_win.cc(84)] TransactNamedPipe: The pipe has been ended. (0x6D)
[0220/224928.367:ERROR:file_io_win.cc(163)] CreateFile C:\Program Files (x86)\settings.dat: Access is denied. (0x5)
[0221/162150.020:ERROR:file_io_win.cc(163)] CreateFile C:\Program Files (x86)\settings.dat: Access is denied. (0x5)
[0221/162150.028:ERROR:registration_protocol_win.cc(84)] TransactNamedPipe: The pipe has been ended. (0x6D)
[0221/162150.032:ERROR:file_io_win.cc(163)] CreateFile C:\Program Files (x86)\settings.dat: Access is denied. (0x5)
[0225/182215.969:ERROR:file_io_win.cc(163)] CreateFile C:\Program Files (x86)\settings.dat: Access is denied. (0x5)
[0225/182216.016:ERROR:registration_protocol_win.cc(84)] TransactNamedPipe: The pipe has been ended. (0x6D)
[0225/182216.016:ERROR:file_io_win.cc(163)] CreateFile C:\Program Files (x86)\settings.dat: Access is denied. (0x5)
[0225/182835.094:ERROR:file_io_win.cc(163)] CreateFile C:\Program Files (x86)\settings.dat: Access is denied. (0x5)
[0225/182835.094:ERROR:registration_protocol_win.cc(84)] TransactNamedPipe: The pipe has been ended. (0x6D)
[0225/182835.125:ERROR:file_io_win.cc(163)] CreateFile C:\Program Files (x86)\settings.dat: Access is denied. (0x5)
[0225/211354.461:ERROR:registration_protocol_win.cc(56)] CreateFile: The system cannot find the file specified. (0x2)
[0225/213432.116:ERROR:file_io_win.cc(163)] CreateFile C:\Program Files (x86)\settings.dat: Access is denied. (0x5)
[0225/213432.120:ERROR:registration_protocol_win.cc(84)] TransactNamedPipe: The pipe has been ended. (0x6D)
[0225/213432.122:ERROR:file_io_win.cc(163)] CreateFile C:\Program Files (x86)\settings.dat: Access is denied. (0x5)
[0225/213442.820:ERROR:file_io_win.cc(163)] CreateFile C:\Program Files (x86)\settings.dat: Access is denied. (0x5)
[0225/213442.820:ERROR:registration_protocol_win.cc(84)] TransactNamedPipe: The pipe has been ended. (0x6D)
[0225/213442.820:ERROR:file_io_win.cc(163)] CreateFile C:\Program Files (x86)\settings.dat: Access is denied. (0x5)
[0301/164219.948:ERROR:file_io_win.cc(163)] CreateFile C:\Program Files (x86)\settings.dat: Access is denied. (0x5)
[0301/164220.034:ERROR:registration_protocol_win.cc(84)] TransactNamedPipe: The pipe has been ended. (0x6D)
[0301/164220.038:ERROR:file_io_win.cc(163)] CreateFile C:\Program Files (x86)\settings.dat: Access is denied. (0x5)
[0303/214409.819:ERROR:file_io_win.cc(163)] CreateFile C:\Program Files (x86)\settings.dat: Access is denied. (0x5)
[0303/214409.850:ERROR:registration_protocol_win.cc(84)] TransactNamedPipe: The pipe has been ended. (0x6D)
[0303/214409.850:ERROR:file_io_win.cc(163)] CreateFile C:\Program Files (x86)\settings.dat: Access is denied. (0x5)
[0303/214409.913:ERROR:crashpad_client_win.cc(660)] crash server failed to launch, no dump captured
[0304/181448.234:ERROR:file_io_win.cc(163)] CreateFile C:\Program Files (x86)\settings.dat: Access is denied. (0x5)
[0304/181448.234:ERROR:registration_protocol_win.cc(84)] TransactNamedPipe: The pipe has been ended. (0x6D)
[0304/181448.234:ERROR:file_io_win.cc(163)] CreateFile C:\Program Files (x86)\settings.dat: Access is denied. (0x5)
[0304/181448.296:ERROR:crashpad_client_win.cc(660)] crash server failed to launch, no dump captured
[0304/223857.669:ERROR:file_io_win.cc(163)] CreateFile C:\Program Files (x86)\settings.dat: Access is denied. (0x5)
[0304/223857.669:ERROR:registration_protocol_win.cc(84)] TransactNamedPipe: The pipe has been ended. (0x6D)
[0304/223857.669:ERROR:file_io_win.cc(163)] CreateFile C:\Program Files (x86)\settings.dat: Access is denied. (0x5)
[0304/223858.434:ERROR:crashpad_client_win.cc(660)] crash server failed to launch, no dump captured
[0307/211748.757:ERROR:file_io_win.cc(163)] CreateFile C:\Program Files (x86)\settings.dat: Access is denied. (0x5)
[0307/211748.789:ERROR:registration_protocol_win.cc(84)] TransactNamedPipe: The pipe has been ended. (0x6D)
[0307/211748.789:ERROR:file_io_win.cc(163)] CreateFile C:\Program Files (x86)\settings.dat: Access is denied. (0x5)
[0307/211749.851:ERROR:crashpad_client_win.cc(660)] crash server failed to launch, no dump captured
[0319/212300.678:ERROR:file_io_win.cc(163)] CreateFile C:\Program Files (x86)\settings.dat: Access is denied. (0x5)
[0319/212300.725:ERROR:registration_protocol_win.cc(84)] TransactNamedPipe: The pipe has been ended. (0x6D)
[0319/212300.725:ERROR:file_io_win.cc(163)] CreateFile C:\Program Files (x86)\settings.dat: Access is denied. (0x5)
[0319/212300.803:ERROR:crashpad_client_win.cc(660)] crash server failed to launch, no dump captured
[0320/063021.552:ERROR:file_io_win.cc(163)] CreateFile C:\Program Files (x86)\settings.dat: Access is denied. (0x5)
[0320/063021.583:ERROR:registration_protocol_win.cc(84)] TransactNamedPipe: The pipe has been ended. (0x6D)
[0320/063021.583:ERROR:file_io_win.cc(163)] CreateFile C:\Program Files (x86)\settings.dat: Access is denied. (0x5)
[0320/063021.630:ERROR:crashpad_client_win.cc(660)] crash server failed to launch, no dump captured
